236 figures need images (out of 236 total)

[1/236] Afterburner (Wait for SS) ... OK (Afterburner)
[2/236] Agent Knight (Crossover) ... OK (Agent Knight)
[3/236] Air Raid (AotP) ... OK (Air Raid)
[4/236] Alchemist Prime (AotP) ... OK (Alchemist Prime)
[5/236] Alpha Trion (AotP) ... OK (Alpha Trion)
[6/236] Amalgamous Prime (AotP) ... OK (Amalgamous Prime)
[7/236] Arcee (WFC) ... OK (Arcee)
[8/236] Arcee (Studio Bumbleebee) ... OK (Arcee)
[9/236] Astrotrain (WAIT  for better) ... OK (Astrotrain)
[10/236] Battleslash (PotPrimes) ... OK (Battleslash)
[11/236] Beachcomer (Legacy) ... not found
[12/236] Blades (Wait for SS) ... OK (Blades)
[13/236] Blast Off (AotP) ... OK (Blast Off)
[14/236] Blaster (SS86) ... OK (Blaster)
[15/236] Blitzwing (Legacy) ... OK (Blitzwing)
[16/236] Blot (Combiner Wars) ... OK (Blot)
[17/236] Bluestreak (WFC) ... ERROR: The read operation timed out
[18/236] Blugeon (Wreck N Rule) ... not found
[19/236] Blurr (SS86) ... OK (Blurr)
[20/236] Bombshell (Wait for SS86) ... OK (Bombshell)
[21/236] Bombshock (WFC) ... OK (Bombshock (G1))
[22/236] Bone Shaker Hot Wheels (Crossover) ... not found
[23/236] Bonecrusher (SS86) ... OK (Bonecrusher)
[24/236] Brainstorm (Retro Headmasters) ... OK (Brainstorm)
[25/236] Brawl (AotP) ... OK (Brawl)
[26/236] Brawn (Retro Toy Version) ... OK (Brawn)
[27/236] Breakdown (Legacy) ... OK (Breakdown)
[28/236] Broadside (Titans Return) ... OK (Broadside)
[29/236] Bubblebee (Devastation) ... not found
[30/236] Bubblebee (SS86) ... not found
[31/236] Bulkhead (Legacy) ... OK (Bulkhead)
[32/236] Bumblebee (SS86) ... OK (Bumblebee)
[33/236] Bumblebee *Animated Universe (Legacy) ... not found
[34/236] BumbleBee *Origins (Legacy) ... not found
[35/236] Carnivac (Wreck N Rule) ... OK (Carnivac)
[36/236] Chromedome (Titans Return) ... OK (Chromedome)
[37/236] Chromia (WFC) ... OK (Chromia)
[38/236] Cliffjumper (SS86) ... OK (Cliffjumper)
[39/236] Cliffjumper (WFC) ... OK (Cliffjumper)
[40/236] Cosmos (Legacy) ... OK (Cosmos)
[41/236] Cutthroat (Combiner Wars) ... OK (Cutthroat)
[42/236] Cyclonus (SS86) ... OK (Cyclonus)
[43/236] Daddy-O (WFC) ... not found
[44/236] Dead End (Legacy) ... OK (Dead End)
[45/236] Devcon (Legacy) ... OK (Devcon's galpal)
[46/236] Dirge (WFC) ... OK (Dirge)
[47/236] Divebomb (Power of the Primes) ... OK (Divebomb)
[48/236] Dracodon (Core) ... OK (Dracodon)
[49/236] Drag Strip (Legacy) ... OK (Drag Strip)
[50/236] Drift (Wait for new version) ... OK (Drift)
[51/236] Ectotron (Crossover) ... OK (Ectotron)
[52/236] Elita One (Legacy) ... OK (Elita One)
[53/236] Fangry (Wait for AotP) ... OK (Fangry)
[54/236] Fireflight (AotP) ... OK (Fireflight)
[55/236] First Aid (Wait for SS) ... OK (First Aid (Animated))
[56/236] Frenzy (SS86) ... OK (Frenzy)
[57/236] Galvatron (SS86) ... OK (Galvatron)
[58/236] Gears (Retro Toy Version) ... OK (Gears (G1))
[59/236] Gigawatt (Crossover) ... OK (Gigawatt)
[60/236] Gnaw (SS86) ... OK (Gnaw)
[61/236] Grapple (WFC) ... ERROR: The read operation timed out
[62/236] Grimlock (SS86) ... OK (Grimlock)
[63/236] Groove (Wait for SS) ... OK (Groove (Energon))
[64/236] Growl (WFC) ... OK (Growl)
[65/236] Hardhead (Retro Headmasters) ... OK (Hardhead)
[66/236] Headstrong (Power of the Primes) ... OK (Headstrong)
[67/236] Highbrow (Retro Headmasters) ... OK (Highbrow (Animated))
[68/236] Hoist (WFC) ... OK (Hoist)
[69/236] Hook (SS86) ... OK (Hook)
[70/236] Horri-Bull (AotP) ... OK (Horri-Bull)
[71/236] Hot Rod (SS86 Reissue) ... OK (Hot Rod)
[72/236] Hot Rod (Core) ... OK (Hot Rod)
[73/236] Hot Rod (Titans Return) ... OK (Hot Rod)
[74/236] Hot Rod (Titans Return) ... OK (Hot Rod)
[75/236] Hot Spot (Wait for SS) ... OK (Hot Spot (G1))
[76/236] Hound (SS86) ... OK (Hound)
[77/236] Huffer (Kingdom) ... OK (Huffer)
[78/236] Hun-Grrr (Combiner Wars) ... OK (Hun-Grrr)
[79/236] Iguanus (Core) ... OK (Iguanus)
[80/236] Impactor (WFC) ... OK (Impactor)
[81/236] Inferno (WFC) ... OK (Inferno)
[82/236] Ironfist / Fisitron (Wreck N Rule) ... not found
[83/236] Ironhide (Core) ... OK (Ironhide)
[84/236] Ironhide (SS86) ... OK (Ironhide)
[85/236] Ironhide BD (SS86) ... not found
[86/236] Jazz (SS86) ... OK (Jazz)
[87/236] Jetfire (SDCC version) ... OK (Jetfire)
[88/236] Jhiaxus (Legacy) ... OK (Jhiaxus)
[89/236] Joyride (AotP) ... OK (Joyride (Cybertron))
[90/236] Kickback (Legacy) ... OK (Kickback)
[91/236] Knock Out (Legacy) ... OK (Knock Out)
[92/236] Kup (SS86 Buzzworthy) ... OK (Kup)
[93/236] Kup (Generations) ... OK (Kup)
[94/236] Laserbeak (WFC) ... OK (Laserbeak)
[95/236] Leadfoot G2 (Wreck N Rule) ... not found
[96/236] Leige Maximo (AotP) ... OK (Leige Maximo)
[97/236] Lightspeed (Wait for SS) ... OK (Lightspeed)
[98/236] Long Haul (SS86) ... OK (Long Haul)
[99/236] Mandalorian (Crossover) ... OK (Mandalorian)
[100/236] Matrix of Leadership (SS86) ... OK (Matrix of Leadership)
[101/236] Megatron (SS86) ... OK (Megatron)
[102/236] Megatron (WFC) ... OK (Megatron)
[103/236] Megatronus Prime (AotP) ... OK (Megatronus Prime)
[104/236] Metroplex (G1 KO) ... OK (Metroplex)
[105/236] Micronus Prime (AotP) ... OK (Micronus Prime)
[106/236] MindWipe (Retro Headmasters) ... not found
[107/236] Minerva (Legacy) ... OK (Minerva)
[108/236] Mirage (WFC) ... OK (Mirage)
[109/236] Mixmaster (SS86) ... OK (Mixmaster)
[110/236] Motormaster (Legacy) ... OK (Motormaster)
[111/236] MotorMaster *Animiated (Legacy) ... not found
[112/236] Nemesis Prime (Wait for new version) ... OK (Nemesis Prime)
[113/236] Nemesis Prime (Core) ... OK (Nemesis Prime)
[114/236] Nemesis Prime *Animated (AotP) ... not found
[115/236] Nexus Prime (AotP) ... OK (Nexus Prime)
[116/236] Nightbeat (Thrilling 30) ... OK (Nightbeat)
[117/236] Nosecone (Wait for SS) ... OK (Nosecone)
[118/236] Octane (Titans Return) ... OK (Octane)
[119/236] Omega Supreme (KO) ... OK (Omega Supreme)
[120/236] Onslaught (AotP) ... OK (Onslaught)
[121/236] Onyx Prime (AotP) ... OK (Onyx Prime)
[122/236] Optimus Prime (Beast Hunters) ... OK (Optimus Prime)
[123/236] Optimus Prime (Legacy) ... OK (Optimus Prime)
[124/236] Optimus Prime (RiD) ... OK (Optimus Prime)
[125/236] Optimus Prime (SS86) ... OK (Optimus Prime)
[126/236] Optimus Prime (TFOne) ... OK (Optimus Prime)
[127/236] Optimus Prime (WFC) ... OK (Optimus Prime)
[128/236] Optimus Prime (Core) ... OK (Optimus Prime)
[129/236] Optimus Prime (Core) ... OK (Optimus Prime)
[130/236] Optimus Prime (Devastation) ... OK (Optimus Prime)
[131/236] Outback (Retro Toy Version) ... OK (Outback)
[132/236] Perceptor (SS86) ... OK (Perceptor)
[133/236] Perceptor (SS86 repaint) ... OK (Perceptor)
[134/236] Pipes (Kingdom) ... OK (Pipes (Animated))
[135/236] Pointblank (Legacy) ... OK (Pointblank)
[136/236] Powerglide (SS86) ... OK (Powerglide)
[137/236] Prima Prime (AotP) ... OK (Prima Prime)
[138/236] Prowl (Wait for SS) ... OK (Prowl)
[139/236] Prowl *Battle Damage (SS86) ... ERROR: The read operation timed out
[140/236] Quake (Legacy) ... OK (Quake-Maker)
[141/236] Quintesson *pit of judgement (SS86) ... not found
[142/236] Quintus Prime (AotP) ... OK (Quintus Prime)
[143/236] Rachet (SS86) ... not found
[144/236] Ramhorn (SS86) ... OK (Ramhorn)
[145/236] Ramjet (WFC) ... OK (Ramjet)
[146/236] Rampage (Power of the Primes) ... OK (Rampage)
[147/236] Ratbat (SS86) ... OK (Ratbat)
[148/236] Ratchet (Core) ... OK (Ratchet)
[149/236] Ratrap (Core) ... not found
[150/236] Ravage (Core) ... OK (Ravage)
[151/236] Razorclaw (Power of the Primes) ... OK (Razorclaw)
[152/236] Red Alert (WFC) ... OK (Red Alert)
[153/236] Red Heat (WFC) ... OK (Red Heat)
[154/236] Reflector (Wait for SS86) ... ERROR: The read operation timed out
[155/236] Repugnus (Cyberverse) ... OK (Repugnus)
[156/236] Rippersnapper (Combiner Wars) ... OK (Rippersnapper)
[157/236] Road Rage (WFC) ... OK (Road Rage)
[158/236] Road Rocket (Legacy) ... OK (Road Rocket (G1))
[159/236] Roadbuster (KO) ... OK (Roadbuster)
[160/236] Roadtrap (PotPrimes) ... OK (Roadtrap)
[161/236] Rodimus Prime (Wait for SS86) ... OK (Rodimus Prime)
[162/236] Rukus (Wreck N Rule) ... OK (Rukus)
[163/236] Sandstorm (Wreck N Rule) ... OK (Sandstorm)
[164/236] Scattershot (Wait for SS) ... OK (Scattershot)
[165/236] Scavenger (SS86) ... OK (Scavenger)
[166/236] Scoop (Thrilling 30) ... OK (Scoop)
[167/236] Scrapper (SS86) ... OK (Scrapper)
[168/236] Seaspray (Retro Toy Version) ... OK (Seaspray (Animated))
[169/236] Shockwave (SS86) ... OK (Shockwave)
[170/236] Shockwave (Core) ... OK (Shockwave)
[171/236] Shockwave (Core Bumblebee) ... OK (Shockwave)
[172/236] Shrapnel (Wait for SS86) ... OK (Shrapnel)
[173/236] Sideswipe (WFC) ... OK (Sideswipe)
[174/236] Silverbolt (AotP) ... OK (Silverbolt)
[175/236] Sinnertwin (Combiner Wars) ... OK (Sinnertwin)
[176/236] Six Shot (Wait for SS) ... OK (Six Shot)
[177/236] Skids (Legacy) ... OK (Skids)
[178/236] Skullcruncher (Retro Headmasters) ... OK (Skullcruncher)
[179/236] Skullgrin (Legacy) ... OK (Skullgrin)
[180/236] Skydive (AotP) ... OK (Skydive (BM))
[181/236] Skywarp (SS86) ... OK (Skywarp)
[182/236] Skywarp (Core) ... OK (Skywarp)
[183/236] Slingshot (AotP) ... OK (Slingshot (G1))
[184/236] Sludge (SS86) ... OK (Sludge)
[185/236] Slug (Wait for SS) ... OK (Slug)
[186/236] Slugslinger (Wreck N Rule) ... OK (Slugslinger's Ambition)
[187/236] Smokescreen (WFC) ... OK (Smokescreen)
[188/236] Snarl (SS86) ... OK (Snarl)
[189/236] Solus Prime (AotP) ... OK (Solus Prime)
[190/236] Soundwave (SS86) ... OK (Soundwave)
[191/236] Soundwave (Core) ... OK (Soundwave)
[192/236] Spike (SS86) ... OK (Spike's affair)
[193/236] Springer (SS86) ... OK (Springer)
[194/236] Springer (WFC) ... OK (Springer)
[195/236] Stakeout (WFC) ... OK (Stakeout)
[196/236] Star Optimus (AotP) ... not found
[197/236] Starscream (Core) ... OK (Starscream)
[198/236] Starscream (Wait for SS) ... OK (Starscream)
[199/236] Starscream *Coronation (SS86) ... not found
[200/236] Starscream *Origin (WFC) ... not found
[201/236] Steeljaw (SS86) ... OK (Steeljaw)
[202/236] Strafe (Wait for SS) ... OK (Strafe)
[203/236] Streetwise (Wait for SS) ... OK (Streetwise)
[204/236] Strongarm (Legacy) ... OK (Strongarm)
[205/236] Sunstreaker (WFC) ... OK (Sunstreaker)
[206/236] Sureshot (AotP) ... OK (Sureshot (G1))
[207/236] Sweeps (SS86) ... OK (Sweeps)
[208/236] Swerve (AotP) ... OK (Swerve)
[209/236] Swindle (AotP) ... OK (Swindle)
[210/236] Swoop (SS86) ... OK (Swoop)
[211/236] Tailgate (Wait for SS86) ... OK (Tailgate)
[212/236] Tantrum (Power of the Primes) ... OK (Tantrum)
[213/236] Tarn (Legacy) ... OK (Tarn (Cyberverse))
[214/236] Thundercracker (SS86) ... OK (Thundercracker)
[215/236] Thundercracker (Core) ... OK (Thundercracker)
[216/236] Topspin (Titans Return) ... OK (Topspin)
[217/236] Tracks (WFC) ... OK (Tracks)
[218/236] Trailbreaker (WFC) ... OK (Trailbreaker (Animated))
[219/236] Trip-Up (WFC) ... OK (Trip-Up)
[220/236] Twin Twist (Wait for new version) ... OK (Twin Twist)
[221/236] Ultra Magnus (WFC) ... OK (Ultra Magnus)
[222/236] Ultra Magnus *White Core (AotP) ... not found
[223/236] Vector Prime (AotP) ... OK (Vector Prime)
[224/236] Vortex (AotP) ... OK (Vortex)
[225/236] Warpath (WFC) ... OK (Warpath)
[226/236] Wheelie (Retro Toy Version) ... ERROR: The read operation timed out
[227/236] Wheelie (Core) ... OK (Wheelie)
[228/236] Wheeljack (Studio Bumbleebee) ... OK (Wheeljack)
[229/236] Wheeljack (WFC) ... OK (Wheeljack)
[230/236] Wheeljack Origins (Legacy) ... not found
[231/236] Whirl (Thrilling 30) ... OK (Whirl)
[232/236] Wierdwolf (Retro Headmasters) ... not found
[233/236] Wild Ride (Legacy) ... OK (Wild Rider)
[234/236] Windblade (Legacy) ... OK (Windblade)
[235/236] Windcharger (SS86) ... OK (Windcharger (Energon))
[236/236] Wreck Gar (SS86) ... not found

Done. 207/236 figures have images.
